Arguments: 
  C:\Program Files\nodejs\node.exe C:\Users\paulr\.yarn\releases\yarn-1.22.19.cjs add js-stellar-base

PATH: 
  C:\Windows\System32;C:\Windows;C:\Windows\System32\wbem;C:\Windows\System32\WindowsPowerShell\v1.0\;C:\Windows\System32\OpenSSH\;C:\Program Files (x86)\NVIDIA Corporation\PhysX\Common;C:\Program Files\NVIDIA Corporation\NVIDIA NvDLISR;C:\Windows\System32;C:\Windows;C:\Windows\System32\wbem;C:\Windows\System32\WindowsPowerShell\v1.0\;C:\Windows\System32\OpenSSH\;C:\Program Files\Git\cmd;C:\Program Files (x86)\GnuPG\bin;%NVM_HOME%;%NVM_SYMLINK%;C:\Program Files\Docker\Docker\resources\bin;C:\ProgramData\chocolatey\bin;C:\Program Files\nodejs\;C:\Users\paulr\.cargo\bin;C:\Users\paulr\AppData\Local\Microsoft\WindowsApps;C:\Users\paulr\AppData\Local\Programs\Microsoft VS Code\bin;C:\Users\paulr\AppData\Roaming\nvm;C:\Program Files\nodejs;;c:\users\paulr\.local\bin;c:\users\paulr\appdata\roaming\python\python311\scripts;C:\Users\paulr\AppData\Local\Microsoft\WinGet\Packages\Gyan.FFmpeg_Microsoft.Winget.Source_8wekyb3d8bbwe\ffmpeg-6.0-full_build\bin;C:\Users\paulr\AppData\Roaming\npm

Yarn version: 
  1.22.19

Node version: 
  18.17.1

Platform: 
  win32 x64

Trace: 
  Error: https://registry.yarnpkg.com/js-stellar-base: Not found
      at params.callback [as _callback] (C:\Users\paulr\.yarn\releases\yarn-1.22.19.cjs:77675:18)
      at self.callback (C:\Users\paulr\.yarn\releases\yarn-1.22.19.cjs:135297:22)
      at Request.emit (node:events:514:28)
      at Request.<anonymous> (C:\Users\paulr\.yarn\releases\yarn-1.22.19.cjs:136269:10)
      at Request.emit (node:events:514:28)
      at IncomingMessage.<anonymous> (C:\Users\paulr\.yarn\releases\yarn-1.22.19.cjs:136191:12)
      at Object.onceWrapper (node:events:628:28)
      at IncomingMessage.emit (node:events:526:35)
      at endReadableNT (node:internal/streams/readable:1359:12)
      at process.processTicksAndRejections (node:internal/process/task_queues:82:21)

npm manifest: 
  {
    "name": "metaStellarNetlifyFunctions",
    "version": "0.0.1",
    "description": "netlifyfunctionsgroup",
    "main": "index.js",
    "repository": "https://github.com/paulfears/metaStellarNetlifyFunctions.git",
    "author": "<paulrfears@gmail.com>",
    "license": "MIT",
    "private": false,
    "dependencies": {
      "@netlify/functions": "^2.2.1"
    }
  }

yarn manifest: 
  No manifest

Lockfile: 
  # THIS IS AN AUTOGENERATED FILE. DO NOT EDIT THIS FILE DIRECTLY.
  # yarn lockfile v1
  
  
  "@netlify/functions@^2.2.1":
    version "2.2.1"
    resolved "https://registry.yarnpkg.com/@netlify/functions/-/functions-2.2.1.tgz#05ecb64066d286716f7cd5546aa542a759fcf4a9"
    integrity sha512-qx/yZF0/8mZHhxLG6U/OvHyq/lHsPXNeAtw85ELW7YYYXV4kVXnpjx1sM3H/eL+FiFTG8LwJes16agWingM2iQ==
    dependencies:
      "@netlify/serverless-functions-api" "1.8.0"
      is-promise "^4.0.0"
  
  "@netlify/node-cookies@^0.1.0":
    version "0.1.0"
    resolved "https://registry.yarnpkg.com/@netlify/node-cookies/-/node-cookies-0.1.0.tgz#dda912ba618527695cf519fafa221c5e6777c612"
    integrity sha512-OAs1xG+FfLX0LoRASpqzVntVV/RpYkgpI0VrUnw2u0Q1qiZUzcPffxRK8HF3gc4GjuhG5ahOEMJ9bswBiZPq0g==
  
  "@netlify/serverless-functions-api@1.8.0":
    version "1.8.0"
    resolved "https://registry.yarnpkg.com/@netlify/serverless-functions-api/-/serverless-functions-api-1.8.0.tgz#50fd96c0d4ac844b3c7502aaff30fc1205c9f563"
    integrity sha512-+dsowkoEA+LF4wS9kKafToHNSace7MxD2q3pgBik3N8UjAXBZo7J9t/E7rpkcm5w2ZXklvrDM815bOrzfDE5Jg==
    dependencies:
      "@netlify/node-cookies" "^0.1.0"
      urlpattern-polyfill "8.0.2"
  
  is-promise@^4.0.0:
    version "4.0.0"
    resolved "https://registry.yarnpkg.com/is-promise/-/is-promise-4.0.0.tgz#42ff9f84206c1991d26debf520dd5c01042dd2f3"
    integrity sha512-hvpoI6korhJMnej285dSg6nu1+e6uxs7zG3BYAm5byqDsgJNWwxzM6z6iZiAgQR4TJ30JmBTOwqZUw3WlyH3AQ==
  
  urlpattern-polyfill@8.0.2:
    version "8.0.2"
    resolved "https://registry.yarnpkg.com/urlpattern-polyfill/-/urlpattern-polyfill-8.0.2.tgz#99f096e35eff8bf4b5a2aa7d58a1523d6ebc7ce5"
    integrity sha512-Qp95D4TPJl1kC9SKigDcqgyM2VDVO4RiJc2d4qe5GrYm+zbIQCWWKAFaJNQ4BhdFeDGwBmAxqJBwWSJDb9T3BQ==
